This is pdfTeX, Version 3.141592653-2.6-1.40.24 (MiKTeX 22.10) (preloaded format=pdflatex 2023.5.12)  13 MAY 2023 08:58
entering extended mode
 restricted \write18 enabled.
 %&-line parsing enabled.
**./integral.tex
(integral.tex
LaTeX2e <2022-06-01> patch level 5
L3 programming layer <2022-09-28>
(C:\Users\Aniruddha\OneDrive - Indian Institute of Technology Guwahati\Desktop\
aniruddha R\aniruddha\Code_with_Harry\Coding_Ninjas\MiKTeX\tex/latex/l3backend\
l3backend-pdftex.def
File: l3backend-pdftex.def 2022-09-28 L3 backend support: PDF output (pdfTeX)
\l__color_backend_stack_int=\count185
\l__pdf_internal_box=\box51
) (integral.aux)
\openout1 = `integral.aux'.

LaTeX Font Info:    Checking defaults for OML/cmm/m/it on input line 1.
LaTeX Font Info:    ... okay on input line 1.
LaTeX Font Info:    Checking defaults for OMS/cmsy/m/n on input line 1.
LaTeX Font Info:    ... okay on input line 1.
LaTeX Font Info:    Checking defaults for OT1/cmr/m/n on input line 1.
LaTeX Font Info:    ... okay on input line 1.
LaTeX Font Info:    Checking defaults for T1/cmr/m/n on input line 1.
LaTeX Font Info:    ... okay on input line 1.
LaTeX Font Info:    Checking defaults for TS1/cmr/m/n on input line 1.
LaTeX Font Info:    ... okay on input line 1.
LaTeX Font Info:    Checking defaults for OMX/cmex/m/n on input line 1.
LaTeX Font Info:    ... okay on input line 1.
LaTeX Font Info:    Checking defaults for U/cmr/m/n on input line 1.
LaTeX Font Info:    ... okay on input line 1.


! LaTeX Error: The font size command \normalsize is not defined:
               there is probably something wrong with the class file.

See the LaTeX manual or LaTeX Companion for explanation.
Type  H <return>  for immediate help.
 ...                                              
                                                  
l.1 \begin{document}
                    
? 
! Undefined control sequence.
l.4 \text
         {Cauchy's Integral Formula : }
? 
LaTeX Font Info:    External font `cmex10' loaded for size
(Font)              <7> on input line 5.
LaTeX Font Info:    External font `cmex10' loaded for size
(Font)              <5> on input line 5.

! LaTeX Error: The font size command \normalsize is not defined:
               there is probably something wrong with the class file.

See the LaTeX manual or LaTeX Companion for explanation.
Type  H <return>  for immediate help.
 ...                                              
                                                  
l.9 \end{document}
                  
? 
[1{C:/Users/Aniruddha/AppData/Local/MiKTeX/fonts/map/pdftex/pdftex.map}]
(integral.aux) ) 
Here is how much of TeX's memory you used:
 218 strings out of 475385
 6486 string characters out of 2733713
 344915 words of memory out of 3000000
 21689 multiletter control sequences out of 15000+600000
 469259 words of font info for 28 fonts, out of 8000000 for 9000
 1141 hyphenation exceptions out of 8191
 33i,5n,35p,131b,76s stack positions out of 10000i,1000n,20000p,200000b,80000s
<C:/Users/Aniruddha/OneDrive - Indian Institute of Technology G
uwahati/Desktop/aniruddha R/aniruddha/Code_with_Harry/Coding_Ninjas/MiKTeX/font
s/type1/public/amsfonts/cm/cmex10.pfb><C:/Users/Aniruddha/OneDrive - Indian Ins
titute of Technology Guwahati/Desktop/aniruddha R/aniruddha/Code_with_Harry/Cod
ing_Ninjas/MiKTeX/fonts/type1/public/amsfonts/cm/cmmi10.pfb><C:/Users/Aniruddha
/OneDrive - Indian Institute of Technology Guwahati/Desktop/aniruddha R/anirudd
ha/Code_with_Harry/Coding_Ninjas/MiKTeX/fonts/type1/public/amsfonts/cm/cmmi7.pf
b><C:/Users/Aniruddha/OneDrive - Indian Institute of Technology Guwahati/Deskto
p/aniruddha R/aniruddha/Code_with_Harry/Coding_Ninjas/MiKTeX/fonts/type1/public
/amsfonts/cm/cmr10.pfb>
Output written on integral.pdf (1 page, 41621 bytes).
PDF statistics:
 26 PDF objects out of 1000 (max. 8388607)
 0 named destinations out of 1000 (max. 500000)
 1 words of extra memory for PDF output out of 10000 (max. 10000000)

