This is pdfTeX, Version 3.141592653-2.6-1.40.24 (MiKTeX 23.1) (preloaded format=pdflatex 2023.5.12)  12 MAY 2023 14:20
entering extended mode
 restricted \write18 enabled.
 %&-line parsing enabled.
**./intro.tex
(intro.tex
LaTeX2e <2022-11-01> patch level 1
L3 programming layer <2023-05-05>
(C:\Users\Aniruddha\OneDrive - Indian Institute of Technology Guwahati\Desktop\
aniruddha R\aniruddha\Code_with_Harry\MikeTex\tex/latex/base\article.cls
Document Class: article 2022/07/02 v1.4n Standard LaTeX document class

(C:\Users\Aniruddha\OneDrive - Indian Institute of Technology Guwahati\Desktop\
aniruddha R\aniruddha\Code_with_Harry\MikeTex\tex/latex/base\size10.clo
File: size10.clo 2022/07/02 v1.4n Standard LaTeX file (size option)
)
\c@part=\count185
\c@section=\count186
\c@subsection=\count187
\c@subsubsection=\count188
\c@paragraph=\count189
\c@subparagraph=\count190
\c@figure=\count191
\c@table=\count192
\abovecaptionskip=\skip48
\belowcaptionskip=\skip49
\bibindent=\dimen140
)
(C:\Users\Aniruddha\OneDrive - Indian Institute of Technology Guwahati\Desktop\
aniruddha R\aniruddha\Code_with_Harry\MikeTex\tex/latex/l3backend\l3backend-pdf
tex.def
File: l3backend-pdftex.def 2023-04-19 L3 backend support: PDF output (pdfTeX)
\l__color_backend_stack_int=\count193
\l__pdf_internal_box=\box51
) (intro.aux)
\openout1 = `intro.aux'.

LaTeX Font Info:    Checking defaults for OML/cmm/m/it on input line 5.
LaTeX Font Info:    ... okay on input line 5.
LaTeX Font Info:    Checking defaults for OMS/cmsy/m/n on input line 5.
LaTeX Font Info:    ... okay on input line 5.
LaTeX Font Info:    Checking defaults for OT1/cmr/m/n on input line 5.
LaTeX Font Info:    ... okay on input line 5.
LaTeX Font Info:    Checking defaults for T1/cmr/m/n on input line 5.
LaTeX Font Info:    ... okay on input line 5.
LaTeX Font Info:    Checking defaults for TS1/cmr/m/n on input line 5.
LaTeX Font Info:    ... okay on input line 5.
LaTeX Font Info:    Checking defaults for OMX/cmex/m/n on input line 5.
LaTeX Font Info:    ... okay on input line 5.
LaTeX Font Info:    Checking defaults for U/cmr/m/n on input line 5.
LaTeX Font Info:    ... okay on input line 5.

! Missing $ inserted.
<inserted text> 
                $
l.9 \phi
         \phi \varPhi \Phi \overleftarrow{also}
? 
LaTeX Font Info:    External font `cmex10' loaded for size
(Font)              <7> on input line 9.
LaTeX Font Info:    External font `cmex10' loaded for size
(Font)              <5> on input line 9.
! Undefined control sequence.
l.9 \phi \phi \varPhi
                      \Phi \overleftarrow{also}
? 
! Missing $ inserted.
<inserted text> 
                $
l.11 
     
? 
[1

{C:/Users/Aniruddha/AppData/Local/MiKTeX/fonts/map/pdftex/pdftex.map}]
(intro.aux) ) 
Here is how much of TeX's memory you used:
 435 strings out of 476356
 9307 string characters out of 5751104
 1851242 words of memory out of 5000000
 20921 multiletter control sequences out of 15000+600000
 513549 words of font info for 36 fonts, out of 8000000 for 9000
 1141 hyphenation exceptions out of 8191
 34i,12n,38p,128b,107s stack positions out of 10000i,1000n,20000p,200000b,200000s
 <C:\Users\Aniruddha\AppData\Local\MiKTeX\fonts/pk/ljfour/jknappen
/ec/dpi600\tcrm1000.pk><C:/Users/Aniruddha/OneDrive - Indian Institute of Techn
ology Guwahati/Desktop/aniruddha R/aniruddha/Code_with_Harry/MikeTex/fonts/type
1/public/amsfonts/cm/cmbx10.pfb><C:/Users/Aniruddha/OneDrive - Indian Institute
 of Technology Guwahati/Desktop/aniruddha R/aniruddha/Code_with_Harry/MikeTex/f
onts/type1/public/amsfonts/cm/cmmi10.pfb><C:/Users/Aniruddha/OneDrive - Indian 
Institute of Technology Guwahati/Desktop/aniruddha R/aniruddha/Code_with_Harry/
MikeTex/fonts/type1/public/amsfonts/cm/cmr10.pfb><C:/Users/Aniruddha/OneDrive -
 Indian Institute of Technology Guwahati/Desktop/aniruddha R/aniruddha/Code_wit
h_Harry/MikeTex/fonts/type1/public/amsfonts/cm/cmsy10.pfb>
Output written on intro.pdf (1 page, 49607 bytes).
PDF statistics:
 31 PDF objects out of 1000 (max. 8388607)
 0 named destinations out of 1000 (max. 500000)
 1 words of extra memory for PDF output out of 10000 (max. 10000000)

